<?xml version="1.0" encoding="UTF-8"?>
<!-- Generated by org.testng.reporters.JUnitReportReporter -->
<testsuite hostname="J197" failures="0" tests="3" name="com.testngannotation.IgnoreTest" time="0.009" errors="0" timestamp="2021-12-10T21:57:50 IST" skipped="1">
  <testcase classname="com.testngannotation.IgnoreTest" name="Airpods" time="0.008"/>
  <system-out/>
  <testcase classname="com.testngannotation.IgnoreTest" name="SearchWatches" time="0.001"/>
  <system-out/>
  <testcase classname="com.testngannotation.IgnoreTest" name="SearchMobile">
    <skipped/>
  </testcase> <!-- SearchMobile -->
  <system-out/>
</testsuite> <!-- com.testngannotation.IgnoreTest -->
