<?xml version="1.0" encoding="UTF-8"?>
<!-- Generated by org.testng.reporters.JUnitReportReporter -->
<testsuite hostname="J197" failures="0" tests="5" name="com.testngannotation.PriorityTest" time="0.009" errors="0" timestamp="2021-12-10T22:27:03 IST" skipped="0">
  <testcase classname="com.testngannotation.PriorityTest" name="SearchLaptops" time="0.005"/>
  <system-out/>
  <testcase classname="com.testngannotation.PriorityTest" name="SearchMobile" time="0.001"/>
  <system-out/>
  <testcase classname="com.testngannotation.PriorityTest" name="SearchWatches" time="0.001"/>
  <system-out/>
  <testcase classname="com.testngannotation.PriorityTest" name="SearchFruits" time="0.001"/>
  <system-out/>
  <testcase classname="com.testngannotation.PriorityTest" name="Airpods" time="0.001"/>
  <system-out/>
</testsuite> <!-- com.testngannotation.PriorityTest -->
