<?xml version="1.0" encoding="UTF-8"?>
<!-- Generated by org.testng.reporters.JUnitReportReporter -->
<testsuite hostname="J197" failures="0" tests="1" name="com.testngannotation.ExceptionTest" time="0.005" errors="0" timestamp="2021-12-12T21:37:51 IST" skipped="0">
  <testcase classname="com.testngannotation.ExceptionTest" name="test" time="0.005"/>
  <system-out/>
</testsuite> <!-- com.testngannotation.ExceptionTest -->
