<?xml version="1.0" encoding="UTF-8"?>
<!-- Generated by org.testng.reporters.JUnitReportReporter -->
<testsuite hostname="J197" failures="0" tests="3" name="com.testngannotation.SimpleAnnotation" time="0.006" errors="0" timestamp="2021-12-10T21:32:23 IST" skipped="0">
  <testcase classname="com.testngannotation.SimpleAnnotation" name="SearchMobiles" time="0.001"/>
  <system-out/>
  <testcase classname="com.testngannotation.SimpleAnnotation" name="SearchLaptops" time="0.002"/>
  <system-out/>
  <testcase classname="com.testngannotation.SimpleAnnotation" name="SearchAirpods" time="0.003"/>
  <system-out/>
</testsuite> <!-- com.testngannotation.SimpleAnnotation -->
