<?xml version="1.0" encoding="UTF-8"?>
<!-- Generated by org.testng.reporters.JUnitReportReporter -->
<testsuite hostname="J197" failures="0" tests="4" name="com.testngannotation.GroupTest" time="0.008" errors="0" timestamp="2021-12-12T21:55:37 IST" skipped="0">
  <testcase classname="com.testngannotation.GroupTest" name="Selenium1" time="0.007"/>
  <system-out/>
  <testcase classname="com.testngannotation.GroupTest" name="api1" time="0.000"/>
  <system-out/>
  <testcase classname="com.testngannotation.GroupTest" name="api2" time="0.000"/>
  <system-out/>
  <testcase classname="com.testngannotation.GroupTest" name="Selenium2" time="0.001"/>
  <system-out/>
</testsuite> <!-- com.testngannotation.GroupTest -->
