<?xml version="1.0" encoding="UTF-8"?>
<!-- Generated by org.testng.reporters.JUnitReportReporter -->
<testsuite hostname="J197" failures="0" tests="3" name="com.testngannotation.TimeOutTest" time="0.023" errors="0" timestamp="2021-12-19T18:45:50 IST" skipped="0">
  <testcase classname="com.testngannotation.TimeOutTest" name="SearchWatches" time="0.001"/>
  <system-out/>
  <testcase classname="com.testngannotation.TimeOutTest" name="SearchMobile" time="0.013"/>
  <system-out/>
  <testcase classname="com.testngannotation.TimeOutTest" name="SearchLaptops" time="0.009"/>
  <system-out/>
</testsuite> <!-- com.testngannotation.TimeOutTest -->
