<?xml version="1.0" encoding="UTF-8"?>
<!-- Generated by org.testng.reporters.JUnitReportReporter -->
<testsuite hostname="J197" failures="0" tests="11" name="com.testngannotation.InvocationTest" time="0.021" errors="0" timestamp="2021-12-12T21:27:21 IST" skipped="0">
  <testcase classname="com.testngannotation.InvocationTest" name="SearchMobile" time="0.001"/>
  <system-out/>
  <testcase classname="com.testngannotation.InvocationTest" name="SearchMobile" time="0.001"/>
  <system-out/>
  <testcase classname="com.testngannotation.InvocationTest" name="SearchMobile" time="0.001"/>
  <system-out/>
  <testcase classname="com.testngannotation.InvocationTest" name="SearchFruits" time="0.009"/>
  <system-out/>
  <testcase classname="com.testngannotation.InvocationTest" name="SearchWatches" time="0.001"/>
  <system-out/>
  <testcase classname="com.testngannotation.InvocationTest" name="Airpods" time="0.001"/>
  <system-out/>
  <testcase classname="com.testngannotation.InvocationTest" name="Airpods" time="0.003"/>
  <system-out/>
  <testcase classname="com.testngannotation.InvocationTest" name="Airpods" time="0.001"/>
  <system-out/>
  <testcase classname="com.testngannotation.InvocationTest" name="SearchLaptops" time="0.001"/>
  <system-out/>
  <testcase classname="com.testngannotation.InvocationTest" name="Airpods" time="0.001"/>
  <system-out/>
  <testcase classname="com.testngannotation.InvocationTest" name="SearchLaptops" time="0.001"/>
  <system-out/>
</testsuite> <!-- com.testngannotation.InvocationTest -->
