<?xml version="1.0" encoding="UTF-8"?>
<!-- Generated by org.testng.reporters.JUnitReportReporter -->
<testsuite hostname="J197" failures="0" tests="4" name="com.testngannotation.DataProviderTest" time="0.007" errors="0" timestamp="2021-12-12T22:34:56 IST" skipped="0">
  <testcase classname="com.testngannotation.DataProviderTest" name="Login" time="0.001"/>
  <system-out/>
  <testcase classname="com.testngannotation.DataProviderTest" name="Login" time="0.001"/>
  <system-out/>
  <testcase classname="com.testngannotation.DataProviderTest" name="Login" time="0.001"/>
  <system-out/>
  <testcase classname="com.testngannotation.DataProviderTest" name="Login" time="0.004"/>
  <system-out/>
</testsuite> <!-- com.testngannotation.DataProviderTest -->
